<?xml version="1.0" encoding="UTF-8"?>
<testng-results ignored="0" total="1" passed="1" failed="0" skipped="0">
  <reporter-output>
  </reporter-output>
  <suite started-at="2023-02-26T22:25:46 IST" name="Default suite" finished-at="2023-02-26T22:25:50 IST" duration-ms="3708">
    <groups>
    </groups>
    <test started-at="2023-02-26T22:25:46 IST" name="Default test" finished-at="2023-02-26T22:25:50 IST" duration-ms="3708">
      <class name="RequestSpec.ProductTestApi">
        <test-method signature="getResponse()[pri:0, instance:RequestSpec.ProductTestApi@306e95ec]" started-at="2023-02-26T22:25:47 IST" name="getResponse" finished-at="2023-02-26T22:25:50 IST" duration-ms="3627" status="PASS">
          <reporter-output>
          </reporter-output>
        </test-method> <!-- getResponse -->
      </class> <!-- RequestSpec.ProductTestApi -->
    </test> <!-- Default test -->
  </suite> <!-- Default suite -->
</testng-results>
